This is pdfTeX, Version 3.141592653-2.6-1.40.25 (TeX Live 2023/Arch Linux) (preloaded format=pdflatex 2024.2.6)  9 FEB 2024 15:01
entering extended mode
 restricted \write18 enabled.
 %&-line parsing enabled.
**expose.tex
(./expose.tex
LaTeX2e <2022-11-01> patch level 1
L3 programming layer <2023-02-22>
(/usr/share/texmf-dist/tex/latex/base/report.cls
Document Class: report 2022/07/02 v1.4n Standard LaTeX document class
(/usr/share/texmf-dist/tex/latex/base/size12.clo
File: size12.clo 2022/07/02 v1.4n Standard LaTeX file (size option)
)
\c@part=\count185
\c@chapter=\count186
\c@section=\count187
\c@subsection=\count188
\c@subsubsection=\count189
\c@paragraph=\count190
\c@subparagraph=\count191
\c@figure=\count192
\c@table=\count193
\abovecaptionskip=\skip48
\belowcaptionskip=\skip49
\bibindent=\dimen140
)
(/usr/share/texmf-dist/tex/latex/caption/caption.sty
Package: caption 2023/03/12 v3.6j Customizing captions (AR)

(/usr/share/texmf-dist/tex/latex/caption/caption3.sty
Package: caption3 2023/03/12 v2.4 caption3 kernel (AR)

(/usr/share/texmf-dist/tex/latex/graphics/keyval.sty
Package: keyval 2022/05/29 v1.15 key=value parser (DPC)
\KV@toks@=\toks16
)
\caption@tempdima=\dimen141
\captionmargin=\dimen142
\caption@leftmargin=\dimen143
\caption@rightmargin=\dimen144
\caption@width=\dimen145
\caption@indent=\dimen146
\caption@parindent=\dimen147
\caption@hangindent=\dimen148
Package caption Info: Standard document class detected.
)
\c@caption@flags=\count194
\c@continuedfloat=\count195
)
(/usr/share/texmf-dist/tex/latex/float/float.sty
Package: float 2001/11/08 v1.3d Float enhancements (AL)
\c@float@type=\count196
\float@exts=\toks17
\float@box=\box51
\@float@everytoks=\toks18
\@floatcapt=\box52
)
(/usr/share/texmf-dist/tex/latex/hyperref/hyperref.sty
Package: hyperref 2023-02-07 v7.00v Hypertext links for LaTeX

(/usr/share/texmf-dist/tex/generic/ltxcmds/ltxcmds.sty
Package: ltxcmds 2020-05-10 v1.25 LaTeX kernel commands for general use (HO)
)
(/usr/share/texmf-dist/tex/generic/iftex/iftex.sty
Package: iftex 2022/02/03 v1.0f TeX engine tests
)
(/usr/share/texmf-dist/tex/generic/pdftexcmds/pdftexcmds.sty
Package: pdftexcmds 2020-06-27 v0.33 Utility functions of pdfTeX for LuaTeX (HO
)

(/usr/share/texmf-dist/tex/generic/infwarerr/infwarerr.sty
Package: infwarerr 2019/12/03 v1.5 Providing info/warning/error messages (HO)
)
Package pdftexcmds Info: \pdf@primitive is available.
Package pdftexcmds Info: \pdf@ifprimitive is available.
Package pdftexcmds Info: \pdfdraftmode found.
)
(/usr/share/texmf-dist/tex/latex/kvsetkeys/kvsetkeys.sty
Package: kvsetkeys 2022-10-05 v1.19 Key value parser (HO)
)
(/usr/share/texmf-dist/tex/generic/kvdefinekeys/kvdefinekeys.sty
Package: kvdefinekeys 2019-12-19 v1.6 Define keys (HO)
)
(/usr/share/texmf-dist/tex/generic/pdfescape/pdfescape.sty
Package: pdfescape 2019/12/09 v1.15 Implements pdfTeX's escape features (HO)
)
(/usr/share/texmf-dist/tex/latex/hycolor/hycolor.sty
Package: hycolor 2020-01-27 v1.10 Color options for hyperref/bookmark (HO)
)
(/usr/share/texmf-dist/tex/latex/letltxmacro/letltxmacro.sty
Package: letltxmacro 2019/12/03 v1.6 Let assignment for LaTeX macros (HO)
)
(/usr/share/texmf-dist/tex/latex/auxhook/auxhook.sty
Package: auxhook 2019-12-17 v1.6 Hooks for auxiliary files (HO)
)
(/usr/share/texmf-dist/tex/latex/hyperref/nameref.sty
Package: nameref 2022-05-17 v2.50 Cross-referencing by name of section

(/usr/share/texmf-dist/tex/latex/refcount/refcount.sty
Package: refcount 2019/12/15 v3.6 Data extraction from label references (HO)
)
(/usr/share/texmf-dist/tex/generic/gettitlestring/gettitlestring.sty
Package: gettitlestring 2019/12/15 v1.6 Cleanup title references (HO)

(/usr/share/texmf-dist/tex/latex/kvoptions/kvoptions.sty
Package: kvoptions 2022-06-15 v3.15 Key value format for package options (HO)
))
\c@section@level=\count197
)
\@linkdim=\dimen149
\Hy@linkcounter=\count198
\Hy@pagecounter=\count199

(/usr/share/texmf-dist/tex/latex/hyperref/pd1enc.def
File: pd1enc.def 2023-02-07 v7.00v Hyperref: PDFDocEncoding definition (HO)
Now handling font encoding PD1 ...
... no UTF-8 mapping file for font encoding PD1
)
(/usr/share/texmf-dist/tex/generic/intcalc/intcalc.sty
Package: intcalc 2019/12/15 v1.3 Expandable calculations with integers (HO)
)
(/usr/share/texmf-dist/tex/generic/etexcmds/etexcmds.sty
Package: etexcmds 2019/12/15 v1.7 Avoid name clashes with e-TeX commands (HO)
)
\Hy@SavedSpaceFactor=\count266

(/usr/share/texmf-dist/tex/latex/hyperref/puenc.def
File: puenc.def 2023-02-07 v7.00v Hyperref: PDF Unicode definition (HO)
Now handling font encoding PU ...
... no UTF-8 mapping file for font encoding PU
)
Package hyperref Info: Hyper figures OFF on input line 4177.
Package hyperref Info: Link nesting OFF on input line 4182.
Package hyperref Info: Hyper index ON on input line 4185.
Package hyperref Info: Plain pages OFF on input line 4192.
Package hyperref Info: Backreferencing OFF on input line 4197.
Package hyperref Info: Implicit mode ON; LaTeX internals redefined.
Package hyperref Info: Bookmarks ON on input line 4425.
\c@Hy@tempcnt=\count267

(/usr/share/texmf-dist/tex/latex/url/url.sty
\Urlmuskip=\muskip16
Package: url 2013/09/16  ver 3.4  Verb mode for urls, etc.
)
LaTeX Info: Redefining \url on input line 4763.
\XeTeXLinkMargin=\dimen150

(/usr/share/texmf-dist/tex/generic/bitset/bitset.sty
Package: bitset 2019/12/09 v1.3 Handle bit-vector datatype (HO)

(/usr/share/texmf-dist/tex/generic/bigintcalc/bigintcalc.sty
Package: bigintcalc 2019/12/15 v1.5 Expandable calculations on big integers (HO
)
))
\Fld@menulength=\count268
\Field@Width=\dimen151
\Fld@charsize=\dimen152
Package hyperref Info: Hyper figures OFF on input line 6042.
Package hyperref Info: Link nesting OFF on input line 6047.
Package hyperref Info: Hyper index ON on input line 6050.
Package hyperref Info: backreferencing OFF on input line 6057.
Package hyperref Info: Link coloring OFF on input line 6062.
Package hyperref Info: Link coloring with OCG OFF on input line 6067.
Package hyperref Info: PDF/A mode OFF on input line 6072.

(/usr/share/texmf-dist/tex/latex/base/atbegshi-ltx.sty
Package: atbegshi-ltx 2021/01/10 v1.0c Emulation of the original atbegshi
package with kernel methods
)
\Hy@abspage=\count269
\c@Item=\count270
\c@Hfootnote=\count271
)
Package hyperref Info: Driver (autodetected): hpdftex.

(/usr/share/texmf-dist/tex/latex/hyperref/hpdftex.def
File: hpdftex.def 2023-02-07 v7.00v Hyperref driver for pdfTeX

(/usr/share/texmf-dist/tex/latex/base/atveryend-ltx.sty
Package: atveryend-ltx 2020/08/19 v1.0a Emulation of the original atveryend pac
kage
with kernel methods
)
\Fld@listcount=\count272
\c@bookmark@seq@number=\count273

(/usr/share/texmf-dist/tex/latex/rerunfilecheck/rerunfilecheck.sty
Package: rerunfilecheck 2022-07-10 v1.10 Rerun checks for auxiliary files (HO)

(/usr/share/texmf-dist/tex/generic/uniquecounter/uniquecounter.sty
Package: uniquecounter 2019/12/15 v1.4 Provide unlimited unique counter (HO)
)
Package uniquecounter Info: New unique counter `rerunfilecheck' on input line 2
85.
)
\Hy@SectionHShift=\skip50
)
(/usr/share/texmf-dist/tex/latex/graphics/graphicx.sty
Package: graphicx 2021/09/16 v1.2d Enhanced LaTeX Graphics (DPC,SPQR)

(/usr/share/texmf-dist/tex/latex/graphics/graphics.sty
Package: graphics 2022/03/10 v1.4e Standard LaTeX Graphics (DPC,SPQR)

(/usr/share/texmf-dist/tex/latex/graphics/trig.sty
Package: trig 2021/08/11 v1.11 sin cos tan (DPC)
)
(/usr/share/texmf-dist/tex/latex/graphics-cfg/graphics.cfg
File: graphics.cfg 2016/06/04 v1.11 sample graphics configuration
)
Package graphics Info: Driver file: pdftex.def on input line 107.

(/usr/share/texmf-dist/tex/latex/graphics-def/pdftex.def
File: pdftex.def 2022/09/22 v1.2b Graphics/color driver for pdftex
))
\Gin@req@height=\dimen153
\Gin@req@width=\dimen154
)
(/usr/share/texmf-dist/tex/latex/tocbibind/tocbibind.sty
Package: tocbibind 2010/10/13 v1.5k extra ToC listings
Package tocbibind Info: The document has chapter divisions on input line 50.


Package tocbibind Note: Using chapter style headings, unless overridden.

) (/usr/share/texmf-dist/tex/latex/outlines/outlines.sty
Package: outlines 2012/1/23 1.1 Ch. Pecheur

(/usr/share/texmf-dist/tex/latex/base/ifthen.sty
Package: ifthen 2022/04/13 v1.1d Standard LaTeX ifthen package (DPC)
))
(/usr/share/texmf-dist/tex/latex/l3backend/l3backend-pdftex.def
File: l3backend-pdftex.def 2023-01-16 L3 backend support: PDF output (pdfTeX)
\l__color_backend_stack_int=\count274
\l__pdf_internal_box=\box53
) (./expose.aux)
\openout1 = `expose.aux'.

LaTeX Font Info:    Checking defaults for OML/cmm/m/it on input line 13.
LaTeX Font Info:    ... okay on input line 13.
LaTeX Font Info:    Checking defaults for OMS/cmsy/m/n on input line 13.
LaTeX Font Info:    ... okay on input line 13.
LaTeX Font Info:    Checking defaults for OT1/cmr/m/n on input line 13.
LaTeX Font Info:    ... okay on input line 13.
LaTeX Font Info:    Checking defaults for T1/cmr/m/n on input line 13.
LaTeX Font Info:    ... okay on input line 13.
LaTeX Font Info:    Checking defaults for TS1/cmr/m/n on input line 13.
LaTeX Font Info:    ... okay on input line 13.
LaTeX Font Info:    Checking defaults for OMX/cmex/m/n on input line 13.
LaTeX Font Info:    ... okay on input line 13.
LaTeX Font Info:    Checking defaults for U/cmr/m/n on input line 13.
LaTeX Font Info:    ... okay on input line 13.
LaTeX Font Info:    Checking defaults for PD1/pdf/m/n on input line 13.
LaTeX Font Info:    ... okay on input line 13.
LaTeX Font Info:    Checking defaults for PU/pdf/m/n on input line 13.
LaTeX Font Info:    ... okay on input line 13.
Package caption Info: Begin \AtBeginDocument code.
Package caption Info: float package is loaded.
Package caption Info: hyperref package is loaded.
Package caption Info: End \AtBeginDocument code.
Package hyperref Info: Link coloring OFF on input line 13.
(./expose.out) (./expose.out)
\@outlinefile=\write3
\openout3 = `expose.out'.


(/usr/share/texmf-dist/tex/context/base/mkii/supp-pdf.mkii
[Loading MPS to PDF converter (version 2006.09.02).]
\scratchcounter=\count275
\scratchdimen=\dimen155
\scratchbox=\box54
\nofMPsegments=\count276
\nofMParguments=\count277
\everyMPshowfont=\toks19
\MPscratchCnt=\count278
\MPscratchDim=\dimen156
\MPnumerator=\count279
\makeMPintoPDFobject=\count280
\everyMPtoPDFconversion=\toks20
) (/usr/share/texmf-dist/tex/latex/epstopdf-pkg/epstopdf-base.sty
Package: epstopdf-base 2020-01-24 v2.11 Base part for package epstopdf
Package epstopdf-base Info: Redefining graphics rule for `.eps' on input line 4
85.

(/usr/share/texmf-dist/tex/latex/latexconfig/epstopdf-sys.cfg
File: epstopdf-sys.cfg 2010/07/13 v1.3 Configuration of (r)epstopdf for TeX Liv
e
))
<./images/logo.png, id=104, 353.32pt x 152.57pt>
File: ./images/logo.png Graphic file (type png)
<use ./images/logo.png>
Package pdftex.def Info: ./images/logo.png  used on input line 26.
(pdftex.def)             Requested size: 227.62204pt x 98.29166pt.
LaTeX Font Info:    External font `cmex10' loaded for size
(Font)              <14.4> on input line 26.
LaTeX Font Info:    External font `cmex10' loaded for size
(Font)              <7> on input line 26.
 [1


{/var/lib/texmf/fonts/map/pdftex/updmap/pdftex.map} <./images/logo.png>] (./exp
ose.toc
LaTeX Font Info:    External font `cmex10' loaded for size
(Font)              <12> on input line 1.
LaTeX Font Info:    External font `cmex10' loaded for size
(Font)              <8> on input line 1.
LaTeX Font Info:    External font `cmex10' loaded for size
(Font)              <6> on input line 1.

pdfTeX warning (ext4): destination with the same identifier (name{page.1}) has 
been already used, duplicate ignored
<to be read again> 
                   \relax 
l.25 ...numberline {6}Bibliography}{12}{chapter.6}
                                                  % [1



])
\tf@toc=\write4
\openout4 = `expose.toc'.

 [2]
Underfull \hbox (badness 10000) in paragraph at lines 64--64
[]\OT1/cmr/bx/n/17.28 Theoretical foun-da-
 []


LaTeX Warning: Citation `6trillion' on page 3 undefined on input line 69.


Underfull \hbox (badness 2285) in paragraph at lines 65--108
\OT1/cmr/m/n/12 as fraud-sters be-come more so-phis-ti-cated
 []


Underfull \hbox (badness 1728) in paragraph at lines 65--108
\OT1/cmr/m/n/12 us-ing strong pass-words, us-ing two-factor
 []


Underfull \hbox (badness 10000) in paragraph at lines 65--108

 []


Underfull \hbox (badness 1043) in paragraph at lines 65--108
\OT1/cmr/m/n/12 A phish-ing at-tack is a type of cy-ber-at-
 []


Underfull \hbox (badness 2781) in paragraph at lines 65--108
\OT1/cmr/m/n/12 credit card num-bers, or other sen-si-tive
 []


Underfull \hbox (badness 1742) in paragraph at lines 65--108
\OT1/cmr/m/n/12 in-for-ma-tion, by send-ing emails or other
 []


Underfull \hbox (badness 1616) in paragraph at lines 65--108
\OT1/cmr/m/n/12 mes-sages dis-guised as le-git-i-mate en-ti-ties.
 []


Underfull \hbox (badness 3525) in paragraph at lines 65--108
\OT1/cmr/m/n/12 vic-tims cre-den-tials upon en-ter-ing them.
 []


Underfull \hbox (badness 2326) in paragraph at lines 65--108
\OT1/cmr/m/n/12 These at-tacks are be-com-ing in-creas-ingly
 []


Underfull \hbox (badness 4713) in paragraph at lines 65--108
\OT1/cmr/m/n/12 so-phis-ti-cated and dif-fi-cult to rec-og-nize,
 []


Underfull \hbox (badness 10000) in paragraph at lines 65--108

 []


Underfull \hbox (badness 10000) in paragraph at lines 65--108

 []


Underfull \hbox (badness 7667) in paragraph at lines 65--108
\OT1/cmr/m/n/12 Transparent proxy phish-ing is a new
 []


Underfull \hbox (badness 1424) in paragraph at lines 65--108
\OT1/cmr/m/n/12 tech-nique used by at-tack-ers to in-ter-cept
 []


Underfull \hbox (badness 1584) in paragraph at lines 65--108
\OT1/cmr/m/n/12 to just redi-rect the users traf-fic to the
 []


Underfull \hbox (badness 10000) in paragraph at lines 65--108

 []


Underfull \hbox (badness 6461) in paragraph at lines 65--108
\OT1/cmr/m/n/12 TLS is a cryp-to-graphic pro-to-col that
 []


Underfull \hbox (badness 10000) in paragraph at lines 65--108

 []


Underfull \hbox (badness 2334) in paragraph at lines 65--108
\OT1/cmr/m/n/12 TLS Fin-ger-print-ing is a tech-nique used
 []


Underfull \hbox (badness 10000) in paragraph at lines 65--108

 []


Underfull \hbox (badness 10000) in paragraph at lines 65--108

 []

[3

{/usr/share/texmf-dist/fonts/enc/dvips/cm-super/cm-super-ts1.enc}] [4]
[5

]
Chapter 1.

Underfull \hbox (badness 4353) in paragraph at lines 124--124
[]\OT1/cmr/bx/n/17.28 Overview of Multi-
 []


Underfull \hbox (badness 10000) in paragraph at lines 124--124
\OT1/cmr/bx/n/17.28 Factor Au-then-ti-ca-
 []


Underfull \hbox (badness 1997) in paragraph at lines 137--149
\OT1/cmr/m/n/12 MFA is used to pro-tect the user from
 []


Underfull \hbox (badness 1158) in paragraph at lines 137--149
\OT1/cmr/m/n/12 in con-sumer ap-pli-ca-tions, such as on-line
 []


Underfull \hbox (badness 10000) in paragraph at lines 137--149

 []


Underfull \hbox (badness 10000) in paragraph at lines 137--149

 []


Underfull \hbox (badness 10000) in paragraph at lines 137--149

 []


Underfull \hbox (badness 10000) in paragraph at lines 150--150
[]\OT1/cmr/bx/n/17.28 Phishing At-tacks:
 []


Underfull \hbox (badness 2617) in paragraph at lines 155--167
\OT1/cmr/m/n/12 in which an at-tacker at-tempts to gain
 []


Underfull \hbox (badness 2781) in paragraph at lines 155--167
\OT1/cmr/m/n/12 credit card num-bers, or other sen-si-tive
 []


Underfull \hbox (badness 1742) in paragraph at lines 155--167
\OT1/cmr/m/n/12 in-for-ma-tion, by send-ing emails or other
 []


Underfull \hbox (badness 1616) in paragraph at lines 155--167
\OT1/cmr/m/n/12 mes-sages dis-guised as le-git-i-mate en-ti-ties.
 []


Underfull \hbox (badness 1533) in paragraph at lines 155--167
\OT1/cmr/m/n/12 has ad-vanced, so have phish-ing at-tacks.
 []


Underfull \hbox (badness 1082) in paragraph at lines 155--167
\OT1/cmr/m/n/12 To-day, phish-ing at-tacks are of-ten highly
 []


Underfull \hbox (badness 10000) in paragraph at lines 155--167

 []


Underfull \hbox (badness 10000) in paragraph at lines 155--167

 []

[6

]

LaTeX Warning: Citation `link1' on page 7 undefined on input line 173.


LaTeX Warning: Citation `link2' on page 7 undefined on input line 175.


LaTeX Warning: Citation `link3' on page 7 undefined on input line 178.

[7]
Chapter 2.
[8


]
Chapter 3.

Underfull \hbox (badness 2635) in paragraph at lines 211--211
\OT1/cmr/bx/n/17.28 Proxy Phish-ing At-
 []


Underfull \hbox (badness 4403) in paragraph at lines 215--215
[]\OT1/cmr/bx/n/17.28 Evaluation of MFA
 []


Underfull \hbox (badness 2521) in paragraph at lines 219--219
[]\OT1/cmr/bx/n/17.28 Testing of Coun-ter-
 []

[9


]
Chapter 4.
[10


]
Chapter 5.

Underfull \hbox (badness 1642) in paragraph at lines 240--240
[]\OT1/cmr/bx/n/17.28 Limitations and Fu-
 []

(./expose.bbl [11

]
Chapter 6.

Underfull \hbox (badness 1377) in paragraph at lines 4--8
[]\OT1/cmr/m/n/12 Brian Kon-dracki, Babak Amin Azad,
 []


Underfull \hbox (badness 2134) in paragraph at lines 4--8
\OT1/cmr/m/n/12 Olek-sii Starov, and Nick Niki-forakis.
 []


Underfull \hbox (badness 1057) in paragraph at lines 4--8
\OT1/cmr/m/n/12 and de-tect-ing mitm phish-ing toolk-its.
 []

) [12


] (./expose.aux)

LaTeX Warning: There were undefined references.

Package rerunfilecheck Info: File `expose.out' has not changed.
(rerunfilecheck)             Checksum: 47D4F35A192840B0ABD8722654E2DC0A;4209.
 ) 
Here is how much of TeX's memory you used:
 9795 strings out of 477985
 159250 string characters out of 5840059
 1864388 words of memory out of 5000000
 29852 multiletter control sequences out of 15000+600000
 518438 words of font info for 52 fonts, out of 8000000 for 9000
 14 hyphenation exceptions out of 8191
 75i,6n,76p,364b,484s stack positions out of 10000i,1000n,20000p,200000b,200000s
</usr/share/texmf-dist/fonts/type1/public/amsfonts/cm/cmbx12.pfb></usr/share/
texmf-dist/fonts/type1/public/amsfonts/cm/cmr12.pfb></usr/share/texmf-dist/font
s/type1/public/amsfonts/cm/cmr17.pfb></usr/share/texmf-dist/fonts/type1/public/
amsfonts/cm/cmti12.pfb></usr/share/texmf-dist/fonts/type1/public/cm-super/sfrm1
200.pfb>
Output written on expose.pdf (13 pages, 108627 bytes).
PDF statistics:
 234 PDF objects out of 1000 (max. 8388607)
 204 compressed objects within 3 object streams
 41 named destinations out of 1000 (max. 500000)
 206 words of extra memory for PDF output out of 10000 (max. 10000000)

