\BOOKMARK [1][-]{section.0.1}{\376\377\000P\000r\000o\000b\000l\000e\000m\000\040\000s\000t\000a\000t\000e\000m\000e\000n\000t}{}% 1
\BOOKMARK [1][-]{section.0.2}{\376\377\000R\000e\000s\000e\000a\000r\000c\000h\000\040\000q\000u\000e\000s\000t\000i\000o\000n}{}% 2
\BOOKMARK [1][-]{section.0.3}{\376\377\000O\000b\000j\000e\000c\000t\000i\000v\000e}{}% 3
\BOOKMARK [1][-]{section.0.4}{\376\377\000T\000h\000e\000o\000r\000e\000t\000i\000c\000a\000l\000\040\000f\000o\000u\000n\000d\000a\000t\000i\000o\000n\000s\000\040\000\046\000\040\000c\000u\000r\000r\000e\000n\000t\000\040\000s\000t\000a\000t\000e\000\040\000o\000f\000\040\000r\000e\000s\000e\000a\000r\000c\000h}{}% 4
\BOOKMARK [1][-]{section.0.5}{\376\377\000R\000e\000s\000e\000a\000r\000c\000h\000\040\000d\000e\000s\000i\000g\000n}{}% 5
\BOOKMARK [0][-]{chapter.1}{\376\377\000L\000i\000t\000e\000r\000a\000t\000u\000r\000e\000\040\000R\000e\000v\000i\000e\000w}{}% 6
\BOOKMARK [1][-]{section.1.1}{\376\377\000O\000v\000e\000r\000v\000i\000e\000w\000\040\000o\000f\000\040\000M\000u\000l\000t\000i\000-\000F\000a\000c\000t\000o\000r\000\040\000A\000u\000t\000h\000e\000n\000t\000i\000c\000a\000t\000i\000o\000n}{chapter.1}% 7
\BOOKMARK [1][-]{section.1.2}{\376\377\000P\000h\000i\000s\000h\000i\000n\000g\000\040\000A\000t\000t\000a\000c\000k\000s\000:\000\040\000E\000v\000o\000l\000u\000t\000i\000o\000n\000\040\000a\000n\000d\000\040\000I\000m\000p\000a\000c\000t}{chapter.1}% 8
\BOOKMARK [1][-]{section.1.3}{\376\377\000E\000x\000i\000s\000t\000i\000n\000g\000\040\000C\000o\000u\000n\000t\000e\000r\000m\000e\000a\000s\000u\000r\000e\000s}{chapter.1}% 9
\BOOKMARK [0][-]{chapter.2}{\376\377\000E\000x\000p\000e\000r\000i\000m\000e\000n\000t\000a\000t\000i\000o\000n}{}% 10
\BOOKMARK [1][-]{section.2.1}{\376\377\000S\000i\000m\000u\000l\000a\000t\000i\000o\000n\000\040\000o\000f\000\040\000T\000r\000a\000n\000s\000p\000a\000r\000e\000n\000t\000\040\000P\000h\000i\000s\000h\000i\000n\000g\000\040\000A\000t\000t\000a\000c\000k\000s}{chapter.2}% 11
\BOOKMARK [1][-]{section.2.2}{\376\377\000T\000e\000s\000t\000i\000n\000g\000\040\000o\000f\000\040\000C\000o\000u\000n\000t\000e\000r\000m\000e\000a\000s\000u\000r\000e\000s}{chapter.2}% 12
\BOOKMARK [2][-]{subsection.2.2.1}{\376\377\000B\000l\000a\000c\000k\000l\000i\000s\000t\000i\000n\000g\000\040\000w\000e\000l\000l\000\040\000k\000n\000o\000w\000n\000\040\000T\000L\000S\000\040\000F\000i\000n\000g\000e\000r\000p\000r\000i\000n\000t\000s}{section.2.2}% 13
\BOOKMARK [2][-]{subsection.2.2.2}{\376\377\000E\000v\000a\000l\000u\000a\000t\000i\000n\000g\000\040\000T\000L\000S\000\040\000F\000i\000n\000g\000e\000r\000p\000r\000i\000n\000t\000i\000n\000g\000\040\000A\000l\000g\000o\000r\000i\000t\000h\000m\000s}{section.2.2}% 14
\BOOKMARK [2][-]{subsection.2.2.3}{\376\377\000M\000i\000s\000m\000a\000t\000c\000h\000\040\000o\000f\000\040\000U\000s\000e\000r\000-\000A\000g\000e\000n\000t\000\040\000a\000n\000d\000\040\000T\000L\000S\000\040\000F\000i\000n\000g\000e\000r\000p\000r\000i\000n\000t}{section.2.2}% 15
\BOOKMARK [2][-]{subsection.2.2.4}{\376\377\000R\000o\000u\000n\000d\000\040\000T\000r\000i\000p\000\040\000T\000i\000m\000e\000\040\000A\000n\000a\000l\000y\000s\000i\000s}{section.2.2}% 16
\BOOKMARK [2][-]{subsection.2.2.5}{\376\377\000V\000e\000r\000i\000f\000y\000\040\000s\000u\000p\000p\000o\000r\000t\000e\000d\000\040\000c\000i\000p\000h\000e\000r\000s}{section.2.2}% 17
\BOOKMARK [2][-]{subsection.2.2.6}{\376\377\000C\000o\000m\000b\000i\000n\000e\000d\000\040\000S\000c\000o\000r\000e\000\040\000B\000a\000s\000e\000d\000\040\000A\000p\000p\000r\000o\000a\000c\000h}{section.2.2}% 18
\BOOKMARK [0][-]{chapter.3}{\376\377\000R\000e\000s\000u\000l\000t\000s}{}% 19
\BOOKMARK [1][-]{section.3.1}{\376\377\000F\000i\000n\000d\000i\000n\000g\000s\000\040\000f\000r\000o\000m\000\040\000S\000i\000m\000u\000l\000a\000t\000i\000o\000n\000s}{chapter.3}% 20
\BOOKMARK [1][-]{section.3.2}{\376\377\000E\000f\000f\000e\000c\000t\000i\000v\000e\000n\000e\000s\000s\000\040\000o\000f\000\040\000C\000u\000r\000r\000e\000n\000t\000\040\000D\000e\000f\000e\000n\000s\000e\000s}{chapter.3}% 21
\BOOKMARK [1][-]{section.3.3}{\376\377\000P\000r\000o\000p\000o\000s\000e\000d\000\040\000S\000o\000l\000u\000t\000i\000o\000n\000s}{chapter.3}% 22
\BOOKMARK [0][-]{chapter.4}{\376\377\000D\000i\000s\000c\000u\000s\000s\000i\000o\000n}{}% 23
\BOOKMARK [1][-]{section.4.1}{\376\377\000I\000m\000p\000l\000i\000c\000a\000t\000i\000o\000n\000s\000\040\000o\000f\000\040\000F\000i\000n\000d\000i\000n\000g\000s}{chapter.4}% 24
\BOOKMARK [1][-]{section.4.2}{\376\377\000L\000i\000m\000i\000t\000a\000t\000i\000o\000n\000s\000\040\000a\000n\000d\000\040\000F\000u\000t\000u\000r\000e\000\040\000R\000e\000s\000e\000a\000r\000c\000h}{chapter.4}% 25
\BOOKMARK [0][-]{chapter.5}{\376\377\000B\000i\000b\000l\000i\000o\000g\000r\000a\000p\000h\000y}{}% 26
